-------------------------------------------------------------------------------
Test set: com.expleo.runner.CucumberRunner
-------------------------------------------------------------------------------
Tests run: 2, Failures: 1, Errors: 0, Skipped: 0, Time elapsed: 6.441 s <<< FAILURE! - in com.expleo.runner.CucumberRunner
Get book by ISBN.User calls web service to get a book by its ISBN #2  Time elapsed: 0.803 s  <<< FAILURE!
java.lang.AssertionError: 
1 expectation failed.
Expected status code <400> but was <200>.


