<?xml version="1.0" encoding="UTF-8"?>
<testsuite xmlns:xsi="http://www.w3.org/2001/XMLSchema-instance" xsi:noNamespaceSchemaLocation="https://maven.apache.org/surefire/maven-surefire-plugin/xsd/surefire-test-report-3.0.xsd" version="3.0" name="com.expleo.runner.CucumberRunner" time="6.441" tests="2" errors="0" skipped="0" failures="1">
  <properties>
[...]
</properties>
  <testcase name="User calls web service to get a book by its ISBN #1" classname="Get book by ISBN" time="3.557"/>
  <testcase name="User calls web service to get a book by its ISBN #2" classname="Get book by ISBN" time="0.803">
    <failure message="1 expectation failed.&#10;Expected status code &lt;400&gt; but was &lt;200&gt;.&#10;" type="java.lang.AssertionError"><![CDATA[java.lang.AssertionError: 
1 expectation failed.
Expected status code <400> but was <200>.

]]></failure>
    <system-out><![CDATA[
Scenario Outline: User calls web service to get a book by its ISBN &amp#27;[90m# src/test/resources/features/GetBookByISBN.feature:23&amp#27;[0m
  &amp#27;[32mGiven &amp#27;[0m&amp#27;[32mprepare the request&amp#27;[0m                                        &amp#27;[90m# com.expleo.stepdef.CucumberStepDefinitions.prepare_the_request()&amp#27;[0m
Request method:	GET
Request URI:	https://www.googleapis.com/books/v1/volumes?q=isbn%3A9781451648546
Proxy:			<none>
Request params:	<none>
Query params:	q=isbn:9781451648546
Form params:	<none>
Path params:	<none>
Headers:		Accept=*/*
Cookies:		<none>
Multiparts:		<none>
Body:			<none>
  &amp#27;[32mWhen &amp#27;[0m&amp#27;[32mapi is invoked&amp#27;[0m                                              &amp#27;[90m# com.expleo.stepdef.CucumberStepDefinitions.api_is_invoked()&amp#27;[0m
  &amp#27;[31mThen &amp#27;[0m&amp#27;[31mverify the error code and error response&amp#27;[0m                    &amp#27;[90m# com.expleo.stepdef.CucumberStepDefinitions.verify_the_error_code_and_error_response(java.util.List<java.util.Map<java.lang.String, java.lang.String>>)&amp#27;[0m
    | StatusCode | ErrorKey      | ErrorValue            |
    | 400        | error.message | Required parameter: q |
      &amp#27;[31mjava.lang.AssertionError: 1 expectation failed.
Expected status code <400> but was <200>.

	at sun.reflect.NativeConstructorAccessorImpl.newInstance0(Native Method)
	at sun.reflect.NativeConstructorAccessorImpl.newInstance(NativeConstructorAccessorImpl.java:62)
	at sun.reflect.DelegatingConstructorAccessorImpl.newInstance(DelegatingConstructorAccessorImpl.java:45)
	at java.lang.reflect.Constructor.newInstance(Constructor.java:423)
	at org.codehaus.groovy.reflection.CachedConstructor.invoke(CachedConstructor.java:73)
	at org.codehaus.groovy.reflection.CachedConstructor.doConstructorInvoke(CachedConstructor.java:60)
	at org.codehaus.groovy.runtime.callsite.ConstructorSite$ConstructorSiteNoUnwrap.callConstructor(ConstructorSite.java:86)
	at org.codehaus.groovy.runtime.callsite.CallSiteArray.defaultCallConstructor(CallSiteArray.java:57)
	at org.codehaus.groovy.runtime.callsite.AbstractCallSite.callConstructor(AbstractCallSite.java:263)
	at org.codehaus.groovy.runtime.callsite.AbstractCallSite.callConstructor(AbstractCallSite.java:277)
	at io.restassured.internal.ResponseSpecificationImpl$HamcrestAssertionClosure.validate(ResponseSpecificationImpl.groovy:512)
	at io.restassured.internal.ResponseSpecificationImpl$HamcrestAssertionClosure$validate$1.call(Unknown Source)
	at io.restassured.internal.ResponseSpecificationImpl.validateResponseIfRequired(ResponseSpecificationImpl.groovy:696)
	at io.restassured.internal.ResponseSpecificationImpl.this$2$validateResponseIfRequired(ResponseSpecificationImpl.groovy)
	at sun.reflect.NativeMethodAccessorImpl.invoke0(Native Method)
	at sun.reflect.NativeMethodAccessorImpl.invoke(NativeMethodAccessorImpl.java:62)
	at sun.reflect.DelegatingMethodAccessorImpl.invoke(DelegatingMethodAccessorImpl.java:43)
	at java.lang.reflect.Method.invoke(Method.java:498)
	at org.codehaus.groovy.runtime.callsite.PlainObjectMetaMethodSite.doInvoke(PlainObjectMetaMethodSite.java:43)
	at org.codehaus.groovy.runtime.callsite.PogoMetaMethodSite$PogoCachedMethodSiteNoUnwrapNoCoerce.invoke(PogoMetaMethodSite.java:198)
	at org.codehaus.groovy.runtime.callsite.PogoMetaMethodSite.callCurrent(PogoMetaMethodSite.java:62)
	at org.codehaus.groovy.runtime.callsite.AbstractCallSite.callCurrent(AbstractCallSite.java:185)
	at io.restassured.internal.ResponseSpecificationImpl.statusCode(ResponseSpecificationImpl.groovy:135)
	at io.restassured.specification.ResponseSpecification$statusCode$0.callCurrent(Unknown Source)
	at io.restassured.internal.ResponseSpecificationImpl.statusCode(ResponseSpecificationImpl.groovy:143)
	at io.restassured.internal.ValidatableResponseOptionsImpl.statusCode(ValidatableResponseOptionsImpl.java:89)
	at com.expleo.stepdef.CucumberStepDefinitions.verify_the_error_code_and_error_response(CucumberStepDefinitions.java:48)
	at âœ½.verify the error code and error response(file:///C:/Users/VDI006/eclipse-workspace/RestAPICucumberFramework/src/test/resources/features/GetBookByISBN.feature:17)
&amp#27;[0m
]]></system-out>
  </testcase>
</testsuite>